<?xml version="1.0" encoding="UTF-8" ?>
<testsuite tests="2" failures="1" name="TestSuite" time="64.642" errors="0" skipped="0">
  <properties>
[...]
</properties>
  <testcase classname="PageObjectModel.HomePageTestCase" name="SelectApplePhone" time="21.155">
    <failure message="Keys to send should be a not null CharSequence" type="java.lang.IllegalArgumentException">java.lang.IllegalArgumentException: Keys to send should be a not null CharSequence
	at org.openqa.selenium.remote.RemoteWebElement.sendKeys(RemoteWebElement.java:97)
	at PageObjectModel.FlipkartTestCase.Selectphone(FlipkartTestCase.java:81)
	at PageObjectModel.HomePageTestCase.SelectApplePhone(HomePageTestCase.java:59)
</failure>
    <system-out>Configuring TestNG with: org.apache.maven.surefire.testng.conf.TestNG652Configurator@e320068
</system-out>
    <system-err>Starting ChromeDriver 83.0.4103.39 (ccbf011cb2d2b19b506d844400483861342c20cd-refs/branch-heads/4103@{#416}) on port 30918
Only local connections are allowed.
Please see https://chromedriver.chromium.org/security-considerations for suggestions on keeping ChromeDriver safe.
ChromeDriver was started successfully.
Jun 26, 2020 7:22:51 AM org.openqa.selenium.remote.ProtocolHandshake createSession
INFO: Detected dialect: W3C
</system-err>
  </testcase>
  <testcase classname="PageObjectModel.HomePageTestCase" name="SelectApplePhone" time="43.487"/>
</testsuite>