<?xml version="1.0" encoding="UTF-8"?>
<!-- Generated by org.testng.reporters.JUnitXMLReporter -->
<testsuite ignored="0" hostname="DESKTOP-R7GA6F2" failures="1" tests="2" name="Command line test" time="74.129" errors="0" timestamp="2020-06-26T07:23:56 BST">
  <testcase classname="PageObjectModel.HomePageTestCase" name="SelectApplePhone" time="21.131">
    <failure type="java.lang.IllegalArgumentException" message="Keys to send should be a not null CharSequence">
      <![CDATA[java.lang.IllegalArgumentException: Keys to send should be a not null CharSequence
at org.openqa.selenium.remote.RemoteWebElement.sendKeys(RemoteWebElement.java:97)
at PageObjectModel.FlipkartTestCase.Selectphone(FlipkartTestCase.java:81)
at PageObjectModel.HomePageTestCase.SelectApplePhone(HomePageTestCase.java:59)
at java.base/java.util.ArrayList.forEach(ArrayList.java:1540)
... Removed 37 stack frames]]>
    </failure>
  </testcase> <!-- SelectApplePhone -->
  <testcase classname="PageObjectModel.HomePageTestCase" name="SelectApplePhone" time="43.5"/>
</testsuite> <!-- Command line test -->
